\BOOKMARK [1][-]{Rfn.clearskyModel.1}{\376\377\000c\000l\000e\000a\000r\000s\000k\000y\000M\000o\000d\000e\000l}{}% 1
\BOOKMARK [1][-]{Rfn.clearskyModel.Rul.optimize.1}{\376\377\000c\000l\000e\000a\000r\000s\000k\000y\000M\000o\000d\000e\000l\000\137\000o\000p\000t\000i\000m\000i\000z\000e}{}% 2
\BOOKMARK [1][-]{Rfn.clearskyModel.Rul.outliers.1}{\376\377\000c\000l\000e\000a\000r\000s\000k\000y\000M\000o\000d\000e\000l\000\137\000o\000u\000t\000l\000i\000e\000r\000s}{}% 3
\BOOKMARK [1][-]{Rfn.control.Rul.clearskyModel.1}{\376\377\000c\000o\000n\000t\000r\000o\000l\000\137\000c\000l\000e\000a\000r\000s\000k\000y\000M\000o\000d\000e\000l}{}% 4
\BOOKMARK [1][-]{Rfn.control.Rul.solarEsscher.1}{\376\377\000c\000o\000n\000t\000r\000o\000l\000\137\000s\000o\000l\000a\000r\000E\000s\000s\000c\000h\000e\000r}{}% 5
\BOOKMARK [1][-]{Rfn.control.Rul.solarModel.1}{\376\377\000c\000o\000n\000t\000r\000o\000l\000\137\000s\000o\000l\000a\000r\000M\000o\000d\000e\000l}{}% 6
\BOOKMARK [1][-]{Rfn.control.Rul.solarOption.1}{\376\377\000c\000o\000n\000t\000r\000o\000l\000\137\000s\000o\000l\000a\000r\000O\000p\000t\000i\000o\000n}{}% 7
\BOOKMARK [1][-]{Rfn.desscher.1}{\376\377\000d\000e\000s\000s\000c\000h\000e\000r}{}% 8
\BOOKMARK [1][-]{Rfn.desscherMixture.1}{\376\377\000d\000e\000s\000s\000c\000h\000e\000r\000M\000i\000x\000t\000u\000r\000e}{}% 9
\BOOKMARK [1][-]{Rfn.detect.Rul.season.1}{\376\377\000d\000e\000t\000e\000c\000t\000\137\000s\000e\000a\000s\000o\000n}{}% 10
\BOOKMARK [1][-]{Rfn.discountFactor.1}{\376\377\000d\000i\000s\000c\000o\000u\000n\000t\000F\000a\000c\000t\000o\000r}{}% 11
\BOOKMARK [1][-]{Rfn.dmixnorm.1}{\376\377\000d\000m\000i\000x\000n\000o\000r\000m}{}% 12
\BOOKMARK [1][-]{Rfn.dsolarGHI.1}{\376\377\000d\000s\000o\000l\000a\000r\000G\000H\000I}{}% 13
\BOOKMARK [1][-]{Rfn.esscher.Rul.norm.1}{\376\377\000e\000s\000s\000c\000h\000e\000r\000\137\000n\000o\000r\000m}{}% 14
\BOOKMARK [1][-]{Rfn.gaussianMixture.1}{\376\377\000g\000a\000u\000s\000s\000i\000a\000n\000M\000i\000x\000t\000u\000r\000e}{}% 15
\BOOKMARK [1][-]{Rfn.gaussianMixture.Rul.monthly.1}{\376\377\000g\000a\000u\000s\000s\000i\000a\000n\000M\000i\000x\000t\000u\000r\000e\000\137\000m\000o\000n\000t\000h\000l\000y}{}% 16
\BOOKMARK [1][-]{Rfn.gumbel.1}{\376\377\000g\000u\000m\000b\000e\000l}{}% 17
\BOOKMARK [1][-]{Rfn.havDistance.1}{\376\377\000h\000a\000v\000D\000i\000s\000t\000a\000n\000c\000e}{}% 18
\BOOKMARK [1][-]{Rfn.IDW.1}{\376\377\000I\000D\000W}{}% 19
\BOOKMARK [1][-]{Rfn.is.Rul.leap.Rul.year.1}{\376\377\000i\000s\000\137\000l\000e\000a\000p\000\137\000y\000e\000a\000r}{}% 20
\BOOKMARK [1][-]{Rfn.kernelRegression.1}{\376\377\000k\000e\000r\000n\000e\000l\000R\000e\000g\000r\000e\000s\000s\000i\000o\000n}{}% 21
\BOOKMARK [1][-]{Rfn.ks.Rul.test.1}{\376\377\000k\000s\000\137\000t\000e\000s\000t}{}% 22
\BOOKMARK [1][-]{Rfn.ks.Rul.ts.Rul.test.1}{\376\377\000k\000s\000\137\000t\000s\000\137\000t\000e\000s\000t}{}% 23
\BOOKMARK [1][-]{Rfn.kumaraswamy.1}{\376\377\000k\000u\000m\000a\000r\000a\000s\000w\000a\000m\000y}{}% 24
\BOOKMARK [1][-]{Rfn.Location.1}{\376\377\000L\000o\000c\000a\000t\000i\000o\000n}{}% 25
\BOOKMARK [1][-]{Rfn.makeSemiPositive.1}{\376\377\000m\000a\000k\000e\000S\000e\000m\000i\000P\000o\000s\000i\000t\000i\000v\000e}{}% 26
\BOOKMARK [1][-]{Rfn.number.Rul.of.Rul.day.1}{\376\377\000n\000u\000m\000b\000e\000r\000\137\000o\000f\000\137\000d\000a\000y}{}% 27
\BOOKMARK [1][-]{Rfn.optionPayoff.1}{\376\377\000o\000p\000t\000i\000o\000n\000P\000a\000y\000o\000f\000f}{}% 28
\BOOKMARK [1][-]{Rfn.pks.1}{\376\377\000p\000k\000s}{}% 29
\BOOKMARK [1][-]{Rfn.qks.1}{\376\377\000q\000k\000s}{}% 30
\BOOKMARK [1][-]{Rfn.radiant.1}{\376\377\000r\000a\000d\000i\000a\000n\000t}{}% 31
\BOOKMARK [1][-]{Rfn.riccati.Rul.root.1}{\376\377\000r\000i\000c\000c\000a\000t\000i\000\137\000r\000o\000o\000t}{}% 32
\BOOKMARK [1][-]{Rfn.seasonalModel.1}{\376\377\000s\000e\000a\000s\000o\000n\000a\000l\000M\000o\000d\000e\000l}{}% 33
\BOOKMARK [1][-]{Rfn.snorm.1}{\376\377\000s\000n\000o\000r\000m}{}% 34
\BOOKMARK [1][-]{Rfn.solarEsscher.Rul.bounds.1}{\376\377\000s\000o\000l\000a\000r\000E\000s\000s\000c\000h\000e\000r\000\137\000b\000o\000u\000n\000d\000s}{}% 35
\BOOKMARK [1][-]{Rfn.solarEsscher.Rul.calibrator.1}{\376\377\000s\000o\000l\000a\000r\000E\000s\000s\000c\000h\000e\000r\000\137\000c\000a\000l\000i\000b\000r\000a\000t\000o\000r}{}% 36
\BOOKMARK [1][-]{Rfn.solarEsscher.Rul.calibrator.Rul.month.1}{\376\377\000s\000o\000l\000a\000r\000E\000s\000s\000c\000h\000e\000r\000\137\000c\000a\000l\000i\000b\000r\000a\000t\000o\000r\000\137\000m\000o\000n\000t\000h}{}% 37
\BOOKMARK [1][-]{Rfn.solarModel.1}{\376\377\000s\000o\000l\000a\000r\000M\000o\000d\000e\000l}{}% 38
\BOOKMARK [1][-]{Rfn.solarModel.Rul.calibrator.1}{\376\377\000s\000o\000l\000a\000r\000M\000o\000d\000e\000l\000\137\000c\000a\000l\000i\000b\000r\000a\000t\000o\000r}{}% 39
\BOOKMARK [1][-]{Rfn.solarModel.Rul.empiric.Rul.GM.1}{\376\377\000s\000o\000l\000a\000r\000M\000o\000d\000e\000l\000\137\000e\000m\000p\000i\000r\000i\000c\000\137\000G\000M}{}% 40
\BOOKMARK [1][-]{Rfn.solarModel.Rul.loglik.1}{\376\377\000s\000o\000l\000a\000r\000M\000o\000d\000e\000l\000\137\000l\000o\000g\000l\000i\000k}{}% 41
\BOOKMARK [1][-]{Rfn.solarModel.Rul.parameters.1}{\376\377\000s\000o\000l\000a\000r\000M\000o\000d\000e\000l\000\137\000p\000a\000r\000a\000m\000e\000t\000e\000r\000s}{}% 42
\BOOKMARK [1][-]{Rfn.solarModel.Rul.scenario.1}{\376\377\000s\000o\000l\000a\000r\000M\000o\000d\000e\000l\000\137\000s\000c\000e\000n\000a\000r\000i\000o}{}% 43
\BOOKMARK [1][-]{Rfn.solarModel.Rul.simulate.1}{\376\377\000s\000o\000l\000a\000r\000M\000o\000d\000e\000l\000\137\000s\000i\000m\000u\000l\000a\000t\000e}{}% 44
\BOOKMARK [1][-]{Rfn.solarModel.Rul.spec.1}{\376\377\000s\000o\000l\000a\000r\000M\000o\000d\000e\000l\000\137\000s\000p\000e\000c}{}% 45
\BOOKMARK [1][-]{Rfn.solarModel.Rul.test.Rul.residuals.1}{\376\377\000s\000o\000l\000a\000r\000M\000o\000d\000e\000l\000\137\000t\000e\000s\000t\000\137\000r\000e\000s\000i\000d\000u\000a\000l\000s}{}% 46
\BOOKMARK [1][-]{Rfn.solarModel.Rul.update.Rul.GM.1}{\376\377\000s\000o\000l\000a\000r\000M\000o\000d\000e\000l\000\137\000u\000p\000d\000a\000t\000e\000\137\000G\000M}{}% 47
\BOOKMARK [1][-]{Rfn.solarModel.Rul.update.Rul.params.1}{\376\377\000s\000o\000l\000a\000r\000M\000o\000d\000e\000l\000\137\000u\000p\000d\000a\000t\000e\000\137\000p\000a\000r\000a\000m\000s}{}% 48
\BOOKMARK [1][-]{Rfn.solarOption.Rul.bootstrap.1}{\376\377\000s\000o\000l\000a\000r\000O\000p\000t\000i\000o\000n\000\137\000b\000o\000o\000t\000s\000t\000r\000a\000p}{}% 49
\BOOKMARK [1][-]{Rfn.solarOption.Rul.contracts.1}{\376\377\000s\000o\000l\000a\000r\000O\000p\000t\000i\000o\000n\000\137\000c\000o\000n\000t\000r\000a\000c\000t\000s}{}% 50
\BOOKMARK [1][-]{Rfn.solarOption.Rul.historical.1}{\376\377\000s\000o\000l\000a\000r\000O\000p\000t\000i\000o\000n\000\137\000h\000i\000s\000t\000o\000r\000i\000c\000a\000l}{}% 51
\BOOKMARK [1][-]{Rfn.solarOption.Rul.implied.Rul.return.1}{\376\377\000s\000o\000l\000a\000r\000O\000p\000t\000i\000o\000n\000\137\000i\000m\000p\000l\000i\000e\000d\000\137\000r\000e\000t\000u\000r\000n}{}% 52
\BOOKMARK [1][-]{Rfn.solarOption.Rul.model.1}{\376\377\000s\000o\000l\000a\000r\000O\000p\000t\000i\000o\000n\000\137\000m\000o\000d\000e\000l}{}% 53
\BOOKMARK [1][-]{Rfn.solarOption.Rul.model.Rul.spatial.1}{\376\377\000s\000o\000l\000a\000r\000O\000p\000t\000i\000o\000n\000\137\000m\000o\000d\000e\000l\000\137\000s\000p\000a\000t\000i\000a\000l}{}% 54
\BOOKMARK [1][-]{Rfn.solarOption.Rul.scenario.1}{\376\377\000s\000o\000l\000a\000r\000O\000p\000t\000i\000o\000n\000\137\000s\000c\000e\000n\000a\000r\000i\000o}{}% 55
\BOOKMARK [1][-]{Rfn.solarOption.Rul.structure.1}{\376\377\000s\000o\000l\000a\000r\000O\000p\000t\000i\000o\000n\000\137\000s\000t\000r\000u\000c\000t\000u\000r\000e}{}% 56
\BOOKMARK [1][-]{Rfn.solarRiskDriver.1}{\376\377\000s\000o\000l\000a\000r\000R\000i\000s\000k\000D\000r\000i\000v\000e\000r}{}% 57
\BOOKMARK [1][-]{Rfn.solarTransform.1}{\376\377\000s\000o\000l\000a\000r\000T\000r\000a\000n\000s\000f\000o\000r\000m}{}% 58
\BOOKMARK [1][-]{Rfn.solarTransform.Rul.GHI.1}{\376\377\000s\000o\000l\000a\000r\000T\000r\000a\000n\000s\000f\000o\000r\000m\000\137\000G\000H\000I}{}% 59
\BOOKMARK [1][-]{Rfn.solarTransform.Rul.params.1}{\376\377\000s\000o\000l\000a\000r\000T\000r\000a\000n\000s\000f\000o\000r\000m\000\137\000p\000a\000r\000a\000m\000s}{}% 60
\BOOKMARK [1][-]{Rfn.solarTransform.Rul.Xt.1}{\376\377\000s\000o\000l\000a\000r\000T\000r\000a\000n\000s\000f\000o\000r\000m\000\137\000X\000t}{}% 61
\BOOKMARK [1][-]{Rfn.solarTransform.Rul.Yt.1}{\376\377\000s\000o\000l\000a\000r\000T\000r\000a\000n\000s\000f\000o\000r\000m\000\137\000Y\000t}{}% 62
\BOOKMARK [1][-]{Rfn.solar.Rul.angle.Rul.minmax.1}{\376\377\000s\000o\000l\000a\000r\000\137\000a\000n\000g\000l\000e\000\137\000m\000i\000n\000m\000a\000x}{}% 63
\BOOKMARK [1][-]{Rfn.solar.Rul.extraterrestrial.Rul.radiation.1}{\376\377\000s\000o\000l\000a\000r\000\137\000e\000x\000t\000r\000a\000t\000e\000r\000r\000e\000s\000t\000r\000i\000a\000l\000\137\000r\000a\000d\000i\000a\000t\000i\000o\000n}{}% 64
\BOOKMARK [1][-]{Rfn.solar.Rul.monthly.Rul.mixture.1}{\376\377\000s\000o\000l\000a\000r\000\137\000m\000o\000n\000t\000h\000l\000y\000\137\000m\000i\000x\000t\000u\000r\000e}{}% 65
\BOOKMARK [1][-]{Rfn.solar.Rul.movements.1}{\376\377\000s\000o\000l\000a\000r\000\137\000m\000o\000v\000e\000m\000e\000n\000t\000s}{}% 66
\BOOKMARK [1][-]{Rfn.solar.Rul.time.Rul.adjustment.1}{\376\377\000s\000o\000l\000a\000r\000\137\000t\000i\000m\000e\000\137\000a\000d\000j\000u\000s\000t\000m\000e\000n\000t}{}% 67
\BOOKMARK [1][-]{Rfn.solar.Rul.time.Rul.constant.1}{\376\377\000s\000o\000l\000a\000r\000\137\000t\000i\000m\000e\000\137\000c\000o\000n\000s\000t\000a\000n\000t}{}% 68
\BOOKMARK [1][-]{Rfn.solar.Rul.time.Rul.declination.1}{\376\377\000s\000o\000l\000a\000r\000\137\000t\000i\000m\000e\000\137\000d\000e\000c\000l\000i\000n\000a\000t\000i\000o\000n}{}% 69
\BOOKMARK [1][-]{Rfn.spatialGrid.1}{\376\377\000s\000p\000a\000t\000i\000a\000l\000G\000r\000i\000d}{}% 70
\BOOKMARK [1][-]{Rfn.spatialModel.1}{\376\377\000s\000p\000a\000t\000i\000a\000l\000M\000o\000d\000e\000l}{}% 71
\BOOKMARK [1][-]{Rfn.spatialModel.Rul.combinations.1}{\376\377\000s\000p\000a\000t\000i\000a\000l\000M\000o\000d\000e\000l\000\137\000c\000o\000m\000b\000i\000n\000a\000t\000i\000o\000n\000s}{}% 72
\BOOKMARK [1][-]{Rfn.spatialModel.Rul.interpolate.1}{\376\377\000s\000p\000a\000t\000i\000a\000l\000M\000o\000d\000e\000l\000\137\000i\000n\000t\000e\000r\000p\000o\000l\000a\000t\000e}{}% 73
\BOOKMARK [1][-]{Rfn.spatialModel.Rul.interpolate.Rul.GHI.1}{\376\377\000s\000p\000a\000t\000i\000a\000l\000M\000o\000d\000e\000l\000\137\000i\000n\000t\000e\000r\000p\000o\000l\000a\000t\000e\000\137\000G\000H\000I}{}% 74
\BOOKMARK [1][-]{Rfn.spatialModel.Rul.neighborhoods.1}{\376\377\000s\000p\000a\000t\000i\000a\000l\000M\000o\000d\000e\000l\000\137\000n\000e\000i\000g\000h\000b\000o\000r\000h\000o\000o\000d\000s}{}% 75
\BOOKMARK [1][-]{Rfn.spatialParameters.1}{\376\377\000s\000p\000a\000t\000i\000a\000l\000P\000a\000r\000a\000m\000e\000t\000e\000r\000s}{}% 76
\BOOKMARK [1][-]{Rfn.spatialParameters.Rul.predict.1}{\376\377\000s\000p\000a\000t\000i\000a\000l\000P\000a\000r\000a\000m\000e\000t\000e\000r\000s\000\137\000p\000r\000e\000d\000i\000c\000t}{}% 77
\BOOKMARK [1][-]{Rfn.spectralDistribution.1}{\376\377\000s\000p\000e\000c\000t\000r\000a\000l\000D\000i\000s\000t\000r\000i\000b\000u\000t\000i\000o\000n}{}% 78
\BOOKMARK [1][-]{Rfn.test.Rul.normality.1}{\376\377\000t\000e\000s\000t\000\137\000n\000o\000r\000m\000a\000l\000i\000t\000y}{}% 79
\BOOKMARK [1][-]{Rfn.tnorm.1}{\376\377\000t\000n\000o\000r\000m}{}% 80
